<?xml version="1.0" encoding="UTF-8"?>
<testsuite xmlns:xsi="http://www.w3.org/2001/XMLSchema-instance" xsi:noNamespaceSchemaLocation="https://maven.apache.org/surefire/maven-surefire-plugin/xsd/surefire-test-report-3.0.xsd" version="3.0" name="dat.daos.impl.HotelDAOTest" time="0.049" tests="1" errors="1" skipped="0" failures="0">
  <properties>
    <property name="java.specification.version" value="17"/>
    <property name="sun.cpu.isalist" value="amd64"/>
    <property name="sun.jnu.encoding" value="Cp1252"/>
    <property name="java.class.path" value="C:\Users\ali_m\IdeaProjects\3. semester\CI_CD_Pipeline\CDpipieline_hotel_api_test\hotel_api\target\test-classes;C:\Users\ali_m\IdeaProjects\3. semester\CI_CD_Pipeline\CDpipieline_hotel_api_test\hotel_api\target\classes;C:\Users\ali_m\.m2\repository\io\javalin\javalin-bundle\6.1.3\javalin-bundle-6.1.3.jar;C:\Users\ali_m\.m2\repository\io\javalin\javalin\6.1.3\javalin-6.1.3.jar;C:\Users\ali_m\.m2\repository\org\eclipse\jetty\jetty-server\11.0.20\jetty-server-11.0.20.jar;C:\Users\ali_m\.m2\repository\org\eclipse\jetty\jetty-http\11.0.20\jetty-http-11.0.20.jar;C:\Users\ali_m\.m2\repository\org\eclipse\jetty\websocket\websocket-jetty-server\11.0.20\websocket-jetty-server-11.0.20.jar;C:\Users\ali_m\.m2\repository\org\eclipse\jetty\jetty-servlet\11.0.20\jetty-servlet-11.0.20.jar;C:\Users\ali_m\.m2\repository\org\eclipse\jetty\jetty-security\11.0.20\jetty-security-11.0.20.jar;C:\Users\ali_m\.m2\repository\org\eclipse\jetty\jetty-webapp\11.0.20\jetty-webapp-11.0.20.jar;C:\Users\ali_m\.m2\repository\org\eclipse\jetty\jetty-xml\11.0.20\jetty-xml-11.0.20.jar;C:\Users\ali_m\.m2\repository\org\eclipse\jetty\websocket\websocket-jetty-api\11.0.20\websocket-jetty-api-11.0.20.jar;C:\Users\ali_m\.m2\repository\org\eclipse\jetty\websocket\websocket-jetty-common\11.0.20\websocket-jetty-common-11.0.20.jar;C:\Users\ali_m\.m2\repository\org\eclipse\jetty\websocket\websocket-core-common\11.0.20\websocket-core-common-11.0.20.jar;C:\Users\ali_m\.m2\repository\org\eclipse\jetty\websocket\websocket-servlet\11.0.20\websocket-servlet-11.0.20.jar;C:\Users\ali_m\.m2\repository\org\eclipse\jetty\websocket\websocket-core-server\11.0.20\websocket-core-server-11.0.20.jar;C:\Users\ali_m\.m2\repository\io\javalin\javalin-context-mock\6.1.3\javalin-context-mock-6.1.3.jar;C:\Users\ali_m\.m2\repository\org\eclipse\jetty\toolchain\jetty-jakarta-servlet-api\5.0.2\jetty-jakarta-servlet-api-5.0.2.jar;C:\Users\ali_m\.m2\repository\io\javalin\javalin-testtools\6.1.3\javalin-testtools-6.1.3.jar;C:\Users\ali_m\.m2\repository\com\squareup\okhttp3\okhttp\4.12.0\okhttp-4.12.0.jar;C:\Users\ali_m\.m2\repository\com\squareup\okio\okio\3.6.0\okio-3.6.0.jar;C:\Users\ali_m\.m2\repository\com\squareup\okio\okio-jvm\3.6.0\okio-jvm-3.6.0.jar;C:\Users\ali_m\.m2\repository\org\jetbrains\kotlin\kotlin-stdlib-common\1.9.10\kotlin-stdlib-common-1.9.10.jar;C:\Users\ali_m\.m2\repository\io\javalin\javalin-micrometer\6.1.3\javalin-micrometer-6.1.3.jar;C:\Users\ali_m\.m2\repository\io\micrometer\micrometer-core\1.12.3\micrometer-core-1.12.3.jar;C:\Users\ali_m\.m2\repository\io\micrometer\micrometer-commons\1.12.3\micrometer-commons-1.12.3.jar;C:\Users\ali_m\.m2\repository\io\micrometer\micrometer-observation\1.12.3\micrometer-observation-1.12.3.jar;C:\Users\ali_m\.m2\repository\org\hdrhistogram\HdrHistogram\2.1.12\HdrHistogram-2.1.12.jar;C:\Users\ali_m\.m2\repository\org\latencyutils\LatencyUtils\2.0.3\LatencyUtils-2.0.3.jar;C:\Users\ali_m\.m2\repository\io\micrometer\micrometer-jetty11\1.12.3\micrometer-jetty11-1.12.3.jar;C:\Users\ali_m\.m2\repository\com\fasterxml\jackson\module\jackson-module-kotlin\2.16.1\jackson-module-kotlin-2.16.1.jar;C:\Users\ali_m\.m2\repository\org\jetbrains\kotlin\kotlin-reflect\1.6.21\kotlin-reflect-1.6.21.jar;C:\Users\ali_m\.m2\repository\com\fasterxml\jackson\datatype\jackson-datatype-jsr310\2.16.1\jackson-datatype-jsr310-2.16.1.jar;C:\Users\ali_m\.m2\repository\com\aayushatharva\brotli4j\brotli4j\1.16.0\brotli4j-1.16.0.jar;C:\Users\ali_m\.m2\repository\com\aayushatharva\brotli4j\service\1.16.0\service-1.16.0.jar;C:\Users\ali_m\.m2\repository\com\aayushatharva\brotli4j\native-windows-x86_64\1.16.0\native-windows-x86_64-1.16.0.jar;C:\Users\ali_m\.m2\repository\org\eclipse\jetty\http2\http2-server\11.0.20\http2-server-11.0.20.jar;C:\Users\ali_m\.m2\repository\org\eclipse\jetty\http2\http2-common\11.0.20\http2-common-11.0.20.jar;C:\Users\ali_m\.m2\repository\org\eclipse\jetty\http2\http2-hpack\11.0.20\http2-hpack-11.0.20.jar;C:\Users\ali_m\.m2\repository\org\eclipse\jetty\jetty-alpn-conscrypt-server\11.0.20\jetty-alpn-conscrypt-server-11.0.20.jar;C:\Users\ali_m\.m2\repository\org\conscrypt\conscrypt-openjdk-uber\2.5.2\conscrypt-openjdk-uber-2.5.2.jar;C:\Users\ali_m\.m2\repository\org\eclipse\jetty\jetty-alpn-server\11.0.20\jetty-alpn-server-11.0.20.jar;C:\Users\ali_m\.m2\repository\org\eclipse\jetty\jetty-io\11.0.20\jetty-io-11.0.20.jar;C:\Users\ali_m\.m2\repository\org\eclipse\jetty\jetty-util\11.0.20\jetty-util-11.0.20.jar;C:\Users\ali_m\.m2\repository\org\jetbrains\kotlin\kotlin-stdlib-jdk8\1.9.22\kotlin-stdlib-jdk8-1.9.22.jar;C:\Users\ali_m\.m2\repository\org\jetbrains\kotlin\kotlin-stdlib\1.9.22\kotlin-stdlib-1.9.22.jar;C:\Users\ali_m\.m2\repository\org\jetbrains\kotlin\kotlin-stdlib-jdk7\1.9.22\kotlin-stdlib-jdk7-1.9.22.jar;C:\Users\ali_m\.m2\repository\com\fasterxml\jackson\core\jackson-databind\2.17.0\jackson-databind-2.17.0.jar;C:\Users\ali_m\.m2\repository\com\fasterxml\jackson\core\jackson-annotations\2.17.0\jackson-annotations-2.17.0.jar;C:\Users\ali_m\.m2\repository\com\fasterxml\jackson\core\jackson-core\2.17.0\jackson-core-2.17.0.jar;C:\Users\ali_m\.m2\repository\net\bytebuddy\byte-buddy\1.14.9\byte-buddy-1.14.9.jar;C:\Users\ali_m\.m2\repository\org\projectlombok\lombok\1.18.34\lombok-1.18.34.jar;C:\Users\ali_m\.m2\repository\org\postgresql\postgresql\42.7.4\postgresql-42.7.4.jar;C:\Users\ali_m\.m2\repository\org\checkerframework\checker-qual\3.42.0\checker-qual-3.42.0.jar;C:\Users\ali_m\.m2\repository\org\hibernate\orm\hibernate-core\6.2.4.Final\hibernate-core-6.2.4.Final.jar;C:\Users\ali_m\.m2\repository\jakarta\persistence\jakarta.persistence-api\3.1.0\jakarta.persistence-api-3.1.0.jar;C:\Users\ali_m\.m2\repository\jakarta\transaction\jakarta.transaction-api\2.0.1\jakarta.transaction-api-2.0.1.jar;C:\Users\ali_m\.m2\repository\org\jboss\logging\jboss-logging\3.5.0.Final\jboss-logging-3.5.0.Final.jar;C:\Users\ali_m\.m2\repository\org\hibernate\common\hibernate-commons-annotations\6.0.6.Final\hibernate-commons-annotations-6.0.6.Final.jar;C:\Users\ali_m\.m2\repository\io\smallrye\jandex\3.0.5\jandex-3.0.5.jar;C:\Users\ali_m\.m2\repository\com\fasterxml\classmate\1.5.1\classmate-1.5.1.jar;C:\Users\ali_m\.m2\repository\jakarta\xml\bind\jakarta.xml.bind-api\4.0.0\jakarta.xml.bind-api-4.0.0.jar;C:\Users\ali_m\.m2\repository\jakarta\activation\jakarta.activation-api\2.1.0\jakarta.activation-api-2.1.0.jar;C:\Users\ali_m\.m2\repository\org\glassfish\jaxb\jaxb-runtime\4.0.2\jaxb-runtime-4.0.2.jar;C:\Users\ali_m\.m2\repository\org\glassfish\jaxb\jaxb-core\4.0.2\jaxb-core-4.0.2.jar;C:\Users\ali_m\.m2\repository\org\eclipse\angus\angus-activation\2.0.0\angus-activation-2.0.0.jar;C:\Users\ali_m\.m2\repository\org\glassfish\jaxb\txw2\4.0.2\txw2-4.0.2.jar;C:\Users\ali_m\.m2\repository\com\sun\istack\istack-commons-runtime\4.1.1\istack-commons-runtime-4.1.1.jar;C:\Users\ali_m\.m2\repository\jakarta\inject\jakarta.inject-api\2.0.1\jakarta.inject-api-2.0.1.jar;C:\Users\ali_m\.m2\repository\org\antlr\antlr4-runtime\4.10.1\antlr4-runtime-4.10.1.jar;C:\Users\ali_m\.m2\repository\com\zaxxer\HikariCP\5.0.1\HikariCP-5.0.1.jar;C:\Users\ali_m\.m2\repository\org\hibernate\orm\hibernate-hikaricp\6.2.4.Final\hibernate-hikaricp-6.2.4.Final.jar;C:\Users\ali_m\.m2\repository\ch\qos\logback\logback-classic\1.5.7\logback-classic-1.5.7.jar;C:\Users\ali_m\.m2\repository\ch\qos\logback\logback-core\1.5.7\logback-core-1.5.7.jar;C:\Users\ali_m\.m2\repository\org\slf4j\slf4j-api\2.0.16\slf4j-api-2.0.16.jar;C:\Users\ali_m\.m2\repository\org\junit\jupiter\junit-jupiter-api\5.9.1\junit-jupiter-api-5.9.1.jar;C:\Users\ali_m\.m2\repository\org\opentest4j\opentest4j\1.2.0\opentest4j-1.2.0.jar;C:\Users\ali_m\.m2\repository\org\junit\platform\junit-platform-commons\1.9.1\junit-platform-commons-1.9.1.jar;C:\Users\ali_m\.m2\repository\org\apiguardian\apiguardian-api\1.1.2\apiguardian-api-1.1.2.jar;C:\Users\ali_m\.m2\repository\org\junit\jupiter\junit-jupiter-engine\5.9.1\junit-jupiter-engine-5.9.1.jar;C:\Users\ali_m\.m2\repository\org\junit\platform\junit-platform-engine\1.9.1\junit-platform-engine-1.9.1.jar;C:\Users\ali_m\.m2\repository\org\junit\jupiter\junit-jupiter-params\5.9.1\junit-jupiter-params-5.9.1.jar;C:\Users\ali_m\.m2\repository\org\hamcrest\hamcrest\3.0\hamcrest-3.0.jar;C:\Users\ali_m\.m2\repository\org\testcontainers\testcontainers\1.18.0\testcontainers-1.18.0.jar;C:\Users\ali_m\.m2\repository\junit\junit\4.13.2\junit-4.13.2.jar;C:\Users\ali_m\.m2\repository\org\hamcrest\hamcrest-core\1.3\hamcrest-core-1.3.jar;C:\Users\ali_m\.m2\repository\org\apache\commons\commons-compress\1.22\commons-compress-1.22.jar;C:\Users\ali_m\.m2\repository\org\rnorth\duct-tape\duct-tape\1.0.8\duct-tape-1.0.8.jar;C:\Users\ali_m\.m2\repository\org\jetbrains\annotations\17.0.0\annotations-17.0.0.jar;C:\Users\ali_m\.m2\repository\com\github\docker-java\docker-java-api\3.3.0\docker-java-api-3.3.0.jar;C:\Users\ali_m\.m2\repository\com\github\docker-java\docker-java-transport-zerodep\3.3.0\docker-java-transport-zerodep-3.3.0.jar;C:\Users\ali_m\.m2\repository\com\github\docker-java\docker-java-transport\3.3.0\docker-java-transport-3.3.0.jar;C:\Users\ali_m\.m2\repository\net\java\dev\jna\jna\5.12.1\jna-5.12.1.jar;C:\Users\ali_m\.m2\repository\org\testcontainers\postgresql\1.18.0\postgresql-1.18.0.jar;C:\Users\ali_m\.m2\repository\org\testcontainers\jdbc\1.18.0\jdbc-1.18.0.jar;C:\Users\ali_m\.m2\repository\org\testcontainers\database-commons\1.18.0\database-commons-1.18.0.jar;C:\Users\ali_m\.m2\repository\org\testcontainers\junit-jupiter\1.18.0\junit-jupiter-1.18.0.jar;C:\Users\ali_m\.m2\repository\io\rest-assured\rest-assured\5.5.0\rest-assured-5.5.0.jar;C:\Users\ali_m\.m2\repository\org\apache\groovy\groovy\4.0.22\groovy-4.0.22.jar;C:\Users\ali_m\.m2\repository\org\apache\groovy\groovy-xml\4.0.22\groovy-xml-4.0.22.jar;C:\Users\ali_m\.m2\repository\org\apache\httpcomponents\httpclient\4.5.13\httpclient-4.5.13.jar;C:\Users\ali_m\.m2\repository\org\apache\httpcomponents\httpcore\4.4.13\httpcore-4.4.13.jar;C:\Users\ali_m\.m2\repository\commons-logging\commons-logging\1.2\commons-logging-1.2.jar;C:\Users\ali_m\.m2\repository\commons-codec\commons-codec\1.11\commons-codec-1.11.jar;C:\Users\ali_m\.m2\repository\org\apache\httpcomponents\httpmime\4.5.13\httpmime-4.5.13.jar;C:\Users\ali_m\.m2\repository\org\ccil\cowan\tagsoup\tagsoup\1.2.1\tagsoup-1.2.1.jar;C:\Users\ali_m\.m2\repository\io\rest-assured\json-path\5.5.0\json-path-5.5.0.jar;C:\Users\ali_m\.m2\repository\org\apache\groovy\groovy-json\4.0.22\groovy-json-4.0.22.jar;C:\Users\ali_m\.m2\repository\io\rest-assured\rest-assured-common\5.5.0\rest-assured-common-5.5.0.jar;C:\Users\ali_m\.m2\repository\io\rest-assured\xml-path\5.5.0\xml-path-5.5.0.jar;C:\Users\ali_m\.m2\repository\org\apache\commons\commons-lang3\3.11\commons-lang3-3.11.jar;C:\Users\ali_m\.m2\repository\io\rest-assured\json-schema-validator\5.5.0\json-schema-validator-5.5.0.jar;C:\Users\ali_m\.m2\repository\com\github\java-json-tools\json-schema-validator\2.2.14\json-schema-validator-2.2.14.jar;C:\Users\ali_m\.m2\repository\com\github\java-json-tools\jackson-coreutils-equivalence\1.0\jackson-coreutils-equivalence-1.0.jar;C:\Users\ali_m\.m2\repository\com\github\java-json-tools\jackson-coreutils\2.0\jackson-coreutils-2.0.jar;C:\Users\ali_m\.m2\repository\com\github\java-json-tools\msg-simple\1.2\msg-simple-1.2.jar;C:\Users\ali_m\.m2\repository\com\github\java-json-tools\btf\1.3\btf-1.3.jar;C:\Users\ali_m\.m2\repository\com\github\java-json-tools\json-schema-core\1.2.14\json-schema-core-1.2.14.jar;C:\Users\ali_m\.m2\repository\com\github\java-json-tools\uri-template\0.10\uri-template-0.10.jar;C:\Users\ali_m\.m2\repository\org\mozilla\rhino\1.7.7.2\rhino-1.7.7.2.jar;C:\Users\ali_m\.m2\repository\com\sun\mail\mailapi\1.6.2\mailapi-1.6.2.jar;C:\Users\ali_m\.m2\repository\joda-time\joda-time\2.10.5\joda-time-2.10.5.jar;C:\Users\ali_m\.m2\repository\com\googlecode\libphonenumber\libphonenumber\8.11.1\libphonenumber-8.11.1.jar;C:\Users\ali_m\.m2\repository\com\google\code\findbugs\jsr305\3.0.2\jsr305-3.0.2.jar;C:\Users\ali_m\.m2\repository\net\sf\jopt-simple\jopt-simple\5.0.4\jopt-simple-5.0.4.jar;C:\Users\ali_m\.m2\repository\com\google\guava\guava\33.2.1-jre\guava-33.2.1-jre.jar;C:\Users\ali_m\.m2\repository\com\google\guava\failureaccess\1.0.2\failureaccess-1.0.2.jar;C:\Users\ali_m\.m2\repository\com\google\guava\listenablefuture\9999.0-empty-to-avoid-conflict-with-guava\listenablefuture-9999.0-empty-to-avoid-conflict-with-guava.jar;C:\Users\ali_m\.m2\repository\com\google\errorprone\error_prone_annotations\2.26.1\error_prone_annotations-2.26.1.jar;C:\Users\ali_m\.m2\repository\com\google\j2objc\j2objc-annotations\3.0.0\j2objc-annotations-3.0.0.jar;"/>
    <property name="java.vm.vendor" value="Amazon.com Inc."/>
    <property name="sun.arch.data.model" value="64"/>
    <property name="user.variant" value=""/>
    <property name="java.vendor.url" value="https://aws.amazon.com/corretto/"/>
    <property name="user.timezone" value="Europe/Copenhagen"/>
    <property name="os.name" value="Windows 11"/>
    <property name="java.vm.specification.version" value="17"/>
    <property name="sun.java.launcher" value="SUN_STANDARD"/>
    <property name="user.country" value="US"/>
    <property name="sun.boot.library.path" value="C:\Users\ali_m\.jdks\corretto-17.0.11\bin"/>
    <property name="sun.java.command" value="C:\Users\ali_m\AppData\Local\Temp\surefire12734377251780500517\surefirebooter-20241008113411938_3.jar C:\Users\ali_m\AppData\Local\Temp\surefire12734377251780500517 2024-10-08T11-34-11_548-jvmRun1 surefire-20241008113411938_1tmp surefire_0-20241008113411938_2tmp"/>
    <property name="jdk.debug" value="release"/>
    <property name="surefire.test.class.path" value="C:\Users\ali_m\IdeaProjects\3. semester\CI_CD_Pipeline\CDpipieline_hotel_api_test\hotel_api\target\test-classes;C:\Users\ali_m\IdeaProjects\3. semester\CI_CD_Pipeline\CDpipieline_hotel_api_test\hotel_api\target\classes;C:\Users\ali_m\.m2\repository\io\javalin\javalin-bundle\6.1.3\javalin-bundle-6.1.3.jar;C:\Users\ali_m\.m2\repository\io\javalin\javalin\6.1.3\javalin-6.1.3.jar;C:\Users\ali_m\.m2\repository\org\eclipse\jetty\jetty-server\11.0.20\jetty-server-11.0.20.jar;C:\Users\ali_m\.m2\repository\org\eclipse\jetty\jetty-http\11.0.20\jetty-http-11.0.20.jar;C:\Users\ali_m\.m2\repository\org\eclipse\jetty\websocket\websocket-jetty-server\11.0.20\websocket-jetty-server-11.0.20.jar;C:\Users\ali_m\.m2\repository\org\eclipse\jetty\jetty-servlet\11.0.20\jetty-servlet-11.0.20.jar;C:\Users\ali_m\.m2\repository\org\eclipse\jetty\jetty-security\11.0.20\jetty-security-11.0.20.jar;C:\Users\ali_m\.m2\repository\org\eclipse\jetty\jetty-webapp\11.0.20\jetty-webapp-11.0.20.jar;C:\Users\ali_m\.m2\repository\org\eclipse\jetty\jetty-xml\11.0.20\jetty-xml-11.0.20.jar;C:\Users\ali_m\.m2\repository\org\eclipse\jetty\websocket\websocket-jetty-api\11.0.20\websocket-jetty-api-11.0.20.jar;C:\Users\ali_m\.m2\repository\org\eclipse\jetty\websocket\websocket-jetty-common\11.0.20\websocket-jetty-common-11.0.20.jar;C:\Users\ali_m\.m2\repository\org\eclipse\jetty\websocket\websocket-core-common\11.0.20\websocket-core-common-11.0.20.jar;C:\Users\ali_m\.m2\repository\org\eclipse\jetty\websocket\websocket-servlet\11.0.20\websocket-servlet-11.0.20.jar;C:\Users\ali_m\.m2\repository\org\eclipse\jetty\websocket\websocket-core-server\11.0.20\websocket-core-server-11.0.20.jar;C:\Users\ali_m\.m2\repository\io\javalin\javalin-context-mock\6.1.3\javalin-context-mock-6.1.3.jar;C:\Users\ali_m\.m2\repository\org\eclipse\jetty\toolchain\jetty-jakarta-servlet-api\5.0.2\jetty-jakarta-servlet-api-5.0.2.jar;C:\Users\ali_m\.m2\repository\io\javalin\javalin-testtools\6.1.3\javalin-testtools-6.1.3.jar;C:\Users\ali_m\.m2\repository\com\squareup\okhttp3\okhttp\4.12.0\okhttp-4.12.0.jar;C:\Users\ali_m\.m2\repository\com\squareup\okio\okio\3.6.0\okio-3.6.0.jar;C:\Users\ali_m\.m2\repository\com\squareup\okio\okio-jvm\3.6.0\okio-jvm-3.6.0.jar;C:\Users\ali_m\.m2\repository\org\jetbrains\kotlin\kotlin-stdlib-common\1.9.10\kotlin-stdlib-common-1.9.10.jar;C:\Users\ali_m\.m2\repository\io\javalin\javalin-micrometer\6.1.3\javalin-micrometer-6.1.3.jar;C:\Users\ali_m\.m2\repository\io\micrometer\micrometer-core\1.12.3\micrometer-core-1.12.3.jar;C:\Users\ali_m\.m2\repository\io\micrometer\micrometer-commons\1.12.3\micrometer-commons-1.12.3.jar;C:\Users\ali_m\.m2\repository\io\micrometer\micrometer-observation\1.12.3\micrometer-observation-1.12.3.jar;C:\Users\ali_m\.m2\repository\org\hdrhistogram\HdrHistogram\2.1.12\HdrHistogram-2.1.12.jar;C:\Users\ali_m\.m2\repository\org\latencyutils\LatencyUtils\2.0.3\LatencyUtils-2.0.3.jar;C:\Users\ali_m\.m2\repository\io\micrometer\micrometer-jetty11\1.12.3\micrometer-jetty11-1.12.3.jar;C:\Users\ali_m\.m2\repository\com\fasterxml\jackson\module\jackson-module-kotlin\2.16.1\jackson-module-kotlin-2.16.1.jar;C:\Users\ali_m\.m2\repository\org\jetbrains\kotlin\kotlin-reflect\1.6.21\kotlin-reflect-1.6.21.jar;C:\Users\ali_m\.m2\repository\com\fasterxml\jackson\datatype\jackson-datatype-jsr310\2.16.1\jackson-datatype-jsr310-2.16.1.jar;C:\Users\ali_m\.m2\repository\com\aayushatharva\brotli4j\brotli4j\1.16.0\brotli4j-1.16.0.jar;C:\Users\ali_m\.m2\repository\com\aayushatharva\brotli4j\service\1.16.0\service-1.16.0.jar;C:\Users\ali_m\.m2\repository\com\aayushatharva\brotli4j\native-windows-x86_64\1.16.0\native-windows-x86_64-1.16.0.jar;C:\Users\ali_m\.m2\repository\org\eclipse\jetty\http2\http2-server\11.0.20\http2-server-11.0.20.jar;C:\Users\ali_m\.m2\repository\org\eclipse\jetty\http2\http2-common\11.0.20\http2-common-11.0.20.jar;C:\Users\ali_m\.m2\repository\org\eclipse\jetty\http2\http2-hpack\11.0.20\http2-hpack-11.0.20.jar;C:\Users\ali_m\.m2\repository\org\eclipse\jetty\jetty-alpn-conscrypt-server\11.0.20\jetty-alpn-conscrypt-server-11.0.20.jar;C:\Users\ali_m\.m2\repository\org\conscrypt\conscrypt-openjdk-uber\2.5.2\conscrypt-openjdk-uber-2.5.2.jar;C:\Users\ali_m\.m2\repository\org\eclipse\jetty\jetty-alpn-server\11.0.20\jetty-alpn-server-11.0.20.jar;C:\Users\ali_m\.m2\repository\org\eclipse\jetty\jetty-io\11.0.20\jetty-io-11.0.20.jar;C:\Users\ali_m\.m2\repository\org\eclipse\jetty\jetty-util\11.0.20\jetty-util-11.0.20.jar;C:\Users\ali_m\.m2\repository\org\jetbrains\kotlin\kotlin-stdlib-jdk8\1.9.22\kotlin-stdlib-jdk8-1.9.22.jar;C:\Users\ali_m\.m2\repository\org\jetbrains\kotlin\kotlin-stdlib\1.9.22\kotlin-stdlib-1.9.22.jar;C:\Users\ali_m\.m2\repository\org\jetbrains\kotlin\kotlin-stdlib-jdk7\1.9.22\kotlin-stdlib-jdk7-1.9.22.jar;C:\Users\ali_m\.m2\repository\com\fasterxml\jackson\core\jackson-databind\2.17.0\jackson-databind-2.17.0.jar;C:\Users\ali_m\.m2\repository\com\fasterxml\jackson\core\jackson-annotations\2.17.0\jackson-annotations-2.17.0.jar;C:\Users\ali_m\.m2\repository\com\fasterxml\jackson\core\jackson-core\2.17.0\jackson-core-2.17.0.jar;C:\Users\ali_m\.m2\repository\net\bytebuddy\byte-buddy\1.14.9\byte-buddy-1.14.9.jar;C:\Users\ali_m\.m2\repository\org\projectlombok\lombok\1.18.34\lombok-1.18.34.jar;C:\Users\ali_m\.m2\repository\org\postgresql\postgresql\42.7.4\postgresql-42.7.4.jar;C:\Users\ali_m\.m2\repository\org\checkerframework\checker-qual\3.42.0\checker-qual-3.42.0.jar;C:\Users\ali_m\.m2\repository\org\hibernate\orm\hibernate-core\6.2.4.Final\hibernate-core-6.2.4.Final.jar;C:\Users\ali_m\.m2\repository\jakarta\persistence\jakarta.persistence-api\3.1.0\jakarta.persistence-api-3.1.0.jar;C:\Users\ali_m\.m2\repository\jakarta\transaction\jakarta.transaction-api\2.0.1\jakarta.transaction-api-2.0.1.jar;C:\Users\ali_m\.m2\repository\org\jboss\logging\jboss-logging\3.5.0.Final\jboss-logging-3.5.0.Final.jar;C:\Users\ali_m\.m2\repository\org\hibernate\common\hibernate-commons-annotations\6.0.6.Final\hibernate-commons-annotations-6.0.6.Final.jar;C:\Users\ali_m\.m2\repository\io\smallrye\jandex\3.0.5\jandex-3.0.5.jar;C:\Users\ali_m\.m2\repository\com\fasterxml\classmate\1.5.1\classmate-1.5.1.jar;C:\Users\ali_m\.m2\repository\jakarta\xml\bind\jakarta.xml.bind-api\4.0.0\jakarta.xml.bind-api-4.0.0.jar;C:\Users\ali_m\.m2\repository\jakarta\activation\jakarta.activation-api\2.1.0\jakarta.activation-api-2.1.0.jar;C:\Users\ali_m\.m2\repository\org\glassfish\jaxb\jaxb-runtime\4.0.2\jaxb-runtime-4.0.2.jar;C:\Users\ali_m\.m2\repository\org\glassfish\jaxb\jaxb-core\4.0.2\jaxb-core-4.0.2.jar;C:\Users\ali_m\.m2\repository\org\eclipse\angus\angus-activation\2.0.0\angus-activation-2.0.0.jar;C:\Users\ali_m\.m2\repository\org\glassfish\jaxb\txw2\4.0.2\txw2-4.0.2.jar;C:\Users\ali_m\.m2\repository\com\sun\istack\istack-commons-runtime\4.1.1\istack-commons-runtime-4.1.1.jar;C:\Users\ali_m\.m2\repository\jakarta\inject\jakarta.inject-api\2.0.1\jakarta.inject-api-2.0.1.jar;C:\Users\ali_m\.m2\repository\org\antlr\antlr4-runtime\4.10.1\antlr4-runtime-4.10.1.jar;C:\Users\ali_m\.m2\repository\com\zaxxer\HikariCP\5.0.1\HikariCP-5.0.1.jar;C:\Users\ali_m\.m2\repository\org\hibernate\orm\hibernate-hikaricp\6.2.4.Final\hibernate-hikaricp-6.2.4.Final.jar;C:\Users\ali_m\.m2\repository\ch\qos\logback\logback-classic\1.5.7\logback-classic-1.5.7.jar;C:\Users\ali_m\.m2\repository\ch\qos\logback\logback-core\1.5.7\logback-core-1.5.7.jar;C:\Users\ali_m\.m2\repository\org\slf4j\slf4j-api\2.0.16\slf4j-api-2.0.16.jar;C:\Users\ali_m\.m2\repository\org\junit\jupiter\junit-jupiter-api\5.9.1\junit-jupiter-api-5.9.1.jar;C:\Users\ali_m\.m2\repository\org\opentest4j\opentest4j\1.2.0\opentest4j-1.2.0.jar;C:\Users\ali_m\.m2\repository\org\junit\platform\junit-platform-commons\1.9.1\junit-platform-commons-1.9.1.jar;C:\Users\ali_m\.m2\repository\org\apiguardian\apiguardian-api\1.1.2\apiguardian-api-1.1.2.jar;C:\Users\ali_m\.m2\repository\org\junit\jupiter\junit-jupiter-engine\5.9.1\junit-jupiter-engine-5.9.1.jar;C:\Users\ali_m\.m2\repository\org\junit\platform\junit-platform-engine\1.9.1\junit-platform-engine-1.9.1.jar;C:\Users\ali_m\.m2\repository\org\junit\jupiter\junit-jupiter-params\5.9.1\junit-jupiter-params-5.9.1.jar;C:\Users\ali_m\.m2\repository\org\hamcrest\hamcrest\3.0\hamcrest-3.0.jar;C:\Users\ali_m\.m2\repository\org\testcontainers\testcontainers\1.18.0\testcontainers-1.18.0.jar;C:\Users\ali_m\.m2\repository\junit\junit\4.13.2\junit-4.13.2.jar;C:\Users\ali_m\.m2\repository\org\hamcrest\hamcrest-core\1.3\hamcrest-core-1.3.jar;C:\Users\ali_m\.m2\repository\org\apache\commons\commons-compress\1.22\commons-compress-1.22.jar;C:\Users\ali_m\.m2\repository\org\rnorth\duct-tape\duct-tape\1.0.8\duct-tape-1.0.8.jar;C:\Users\ali_m\.m2\repository\org\jetbrains\annotations\17.0.0\annotations-17.0.0.jar;C:\Users\ali_m\.m2\repository\com\github\docker-java\docker-java-api\3.3.0\docker-java-api-3.3.0.jar;C:\Users\ali_m\.m2\repository\com\github\docker-java\docker-java-transport-zerodep\3.3.0\docker-java-transport-zerodep-3.3.0.jar;C:\Users\ali_m\.m2\repository\com\github\docker-java\docker-java-transport\3.3.0\docker-java-transport-3.3.0.jar;C:\Users\ali_m\.m2\repository\net\java\dev\jna\jna\5.12.1\jna-5.12.1.jar;C:\Users\ali_m\.m2\repository\org\testcontainers\postgresql\1.18.0\postgresql-1.18.0.jar;C:\Users\ali_m\.m2\repository\org\testcontainers\jdbc\1.18.0\jdbc-1.18.0.jar;C:\Users\ali_m\.m2\repository\org\testcontainers\database-commons\1.18.0\database-commons-1.18.0.jar;C:\Users\ali_m\.m2\repository\org\testcontainers\junit-jupiter\1.18.0\junit-jupiter-1.18.0.jar;C:\Users\ali_m\.m2\repository\io\rest-assured\rest-assured\5.5.0\rest-assured-5.5.0.jar;C:\Users\ali_m\.m2\repository\org\apache\groovy\groovy\4.0.22\groovy-4.0.22.jar;C:\Users\ali_m\.m2\repository\org\apache\groovy\groovy-xml\4.0.22\groovy-xml-4.0.22.jar;C:\Users\ali_m\.m2\repository\org\apache\httpcomponents\httpclient\4.5.13\httpclient-4.5.13.jar;C:\Users\ali_m\.m2\repository\org\apache\httpcomponents\httpcore\4.4.13\httpcore-4.4.13.jar;C:\Users\ali_m\.m2\repository\commons-logging\commons-logging\1.2\commons-logging-1.2.jar;C:\Users\ali_m\.m2\repository\commons-codec\commons-codec\1.11\commons-codec-1.11.jar;C:\Users\ali_m\.m2\repository\org\apache\httpcomponents\httpmime\4.5.13\httpmime-4.5.13.jar;C:\Users\ali_m\.m2\repository\org\ccil\cowan\tagsoup\tagsoup\1.2.1\tagsoup-1.2.1.jar;C:\Users\ali_m\.m2\repository\io\rest-assured\json-path\5.5.0\json-path-5.5.0.jar;C:\Users\ali_m\.m2\repository\org\apache\groovy\groovy-json\4.0.22\groovy-json-4.0.22.jar;C:\Users\ali_m\.m2\repository\io\rest-assured\rest-assured-common\5.5.0\rest-assured-common-5.5.0.jar;C:\Users\ali_m\.m2\repository\io\rest-assured\xml-path\5.5.0\xml-path-5.5.0.jar;C:\Users\ali_m\.m2\repository\org\apache\commons\commons-lang3\3.11\commons-lang3-3.11.jar;C:\Users\ali_m\.m2\repository\io\rest-assured\json-schema-validator\5.5.0\json-schema-validator-5.5.0.jar;C:\Users\ali_m\.m2\repository\com\github\java-json-tools\json-schema-validator\2.2.14\json-schema-validator-2.2.14.jar;C:\Users\ali_m\.m2\repository\com\github\java-json-tools\jackson-coreutils-equivalence\1.0\jackson-coreutils-equivalence-1.0.jar;C:\Users\ali_m\.m2\repository\com\github\java-json-tools\jackson-coreutils\2.0\jackson-coreutils-2.0.jar;C:\Users\ali_m\.m2\repository\com\github\java-json-tools\msg-simple\1.2\msg-simple-1.2.jar;C:\Users\ali_m\.m2\repository\com\github\java-json-tools\btf\1.3\btf-1.3.jar;C:\Users\ali_m\.m2\repository\com\github\java-json-tools\json-schema-core\1.2.14\json-schema-core-1.2.14.jar;C:\Users\ali_m\.m2\repository\com\github\java-json-tools\uri-template\0.10\uri-template-0.10.jar;C:\Users\ali_m\.m2\repository\org\mozilla\rhino\1.7.7.2\rhino-1.7.7.2.jar;C:\Users\ali_m\.m2\repository\com\sun\mail\mailapi\1.6.2\mailapi-1.6.2.jar;C:\Users\ali_m\.m2\repository\joda-time\joda-time\2.10.5\joda-time-2.10.5.jar;C:\Users\ali_m\.m2\repository\com\googlecode\libphonenumber\libphonenumber\8.11.1\libphonenumber-8.11.1.jar;C:\Users\ali_m\.m2\repository\com\google\code\findbugs\jsr305\3.0.2\jsr305-3.0.2.jar;C:\Users\ali_m\.m2\repository\net\sf\jopt-simple\jopt-simple\5.0.4\jopt-simple-5.0.4.jar;C:\Users\ali_m\.m2\repository\com\google\guava\guava\33.2.1-jre\guava-33.2.1-jre.jar;C:\Users\ali_m\.m2\repository\com\google\guava\failureaccess\1.0.2\failureaccess-1.0.2.jar;C:\Users\ali_m\.m2\repository\com\google\guava\listenablefuture\9999.0-empty-to-avoid-conflict-with-guava\listenablefuture-9999.0-empty-to-avoid-conflict-with-guava.jar;C:\Users\ali_m\.m2\repository\com\google\errorprone\error_prone_annotations\2.26.1\error_prone_annotations-2.26.1.jar;C:\Users\ali_m\.m2\repository\com\google\j2objc\j2objc-annotations\3.0.0\j2objc-annotations-3.0.0.jar;"/>
    <property name="sun.cpu.endian" value="little"/>
    <property name="user.home" value="C:\Users\ali_m"/>
    <property name="user.language" value="en"/>
    <property name="java.specification.vendor" value="Oracle Corporation"/>
    <property name="java.version.date" value="2024-04-16"/>
    <property name="java.home" value="C:\Users\ali_m\.jdks\corretto-17.0.11"/>
    <property name="file.separator" value="\"/>
    <property name="basedir" value="C:\Users\ali_m\IdeaProjects\3. semester\CI_CD_Pipeline\CDpipieline_hotel_api_test\hotel_api"/>
    <property name="java.vm.compressedOopsMode" value="Zero based"/>
    <property name="line.separator" value="&#10;"/>
    <property name="java.vm.specification.vendor" value="Oracle Corporation"/>
    <property name="java.specification.name" value="Java Platform API Specification"/>
    <property name="surefire.real.class.path" value="C:\Users\ali_m\AppData\Local\Temp\surefire12734377251780500517\surefirebooter-20241008113411938_3.jar"/>
    <property name="user.script" value=""/>
    <property name="sun.management.compiler" value="HotSpot 64-Bit Tiered Compilers"/>
    <property name="java.runtime.version" value="17.0.11+9-LTS"/>
    <property name="user.name" value="ali_m"/>
    <property name="path.separator" value=";"/>
    <property name="os.version" value="10.0"/>
    <property name="java.runtime.name" value="OpenJDK Runtime Environment"/>
    <property name="file.encoding" value="Cp1252"/>
    <property name="java.vm.name" value="OpenJDK 64-Bit Server VM"/>
    <property name="java.vendor.version" value="Corretto-17.0.11.9.1"/>
    <property name="localRepository" value="C:\Users\ali_m\.m2\repository"/>
    <property name="java.vendor.url.bug" value="https://github.com/corretto/corretto-17/issues/"/>
    <property name="java.io.tmpdir" value="C:\Users\ali_m\AppData\Local\Temp\"/>
    <property name="idea.version" value="2022.3.3"/>
    <property name="java.version" value="17.0.11"/>
    <property name="user.dir" value="C:\Users\ali_m\IdeaProjects\3. semester\CI_CD_Pipeline\CDpipieline_hotel_api_test\hotel_api"/>
    <property name="os.arch" value="amd64"/>
    <property name="java.vm.specification.name" value="Java Virtual Machine Specification"/>
    <property name="sun.os.patch.level" value=""/>
    <property name="native.encoding" value="Cp1252"/>
    <property name="java.library.path" value="C:\Users\ali_m\.jdks\corretto-17.0.11\bin;C:\WINDOWS\Sun\Java\bin;C:\WINDOWS\system32;C:\WINDOWS;C:\Program Files\Common Files\Oracle\Java\javapath;C:\Program Files (x86)\Common Files\Oracle\Java\javapath;C:\Windows\system32;C:\Windows;C:\Windows\System32\Wbem;C:\Windows\System32\WindowsPowerShell\v1.0\;C:\Windows\System32\OpenSSH\;C:\Program Files (x86)\NVIDIA Corporation\PhysX\Common;C:\Program Files\NVIDIA Corporation\NVIDIA NvDLISR;C:\WINDOWS\system32;C:\WINDOWS;C:\WINDOWS\System32\Wbem;C:\WINDOWS\System32\WindowsPowerShell\v1.0\;C:\WINDOWS\System32\OpenSSH\;C:\Program Files\Git\cmd;C:\Program Files\dotnet\;C:\Program Files\Docker\Docker\resources\bin;C:\Program Files\MySQL\MySQL Shell 8.0\bin\;C:\Users\ali_m\AppData\Local\Microsoft\WindowsApps;C:\Users\ali_m\AppData\Local\Programs\Microsoft VS Code\bin;C:\Users\ali_m\AppData\Local\GitHubDesktop\bin;;."/>
    <property name="java.vm.info" value="mixed mode, sharing"/>
    <property name="java.vendor" value="Amazon.com Inc."/>
    <property name="java.vm.version" value="17.0.11+9-LTS"/>
    <property name="sun.io.unicode.encoding" value="UnicodeLittle"/>
    <property name="java.class.version" value="61.0"/>
  </properties>
  <testcase name="" classname="dat.daos.impl.HotelDAOTest" time="0.049">
    <error message="No ParameterResolver registered for parameter [dat.daos.impl.HotelDAO arg0] in constructor [public dat.daos.impl.HotelDAOTest(dat.daos.impl.HotelDAO,jakarta.persistence.EntityManagerFactory)]." type="org.junit.jupiter.api.extension.ParameterResolutionException"><![CDATA[org.junit.jupiter.api.extension.ParameterResolutionException: No ParameterResolver registered for parameter [dat.daos.impl.HotelDAO arg0] in constructor [public dat.daos.impl.HotelDAOTest(dat.daos.impl.HotelDAO,jakarta.persistence.EntityManagerFactory)].
	at org.junit.jupiter.engine.execution.ParameterResolutionUtils.resolveParameter(ParameterResolutionUtils.java:120)
	at org.junit.jupiter.engine.execution.ParameterResolutionUtils.resolveParameters(ParameterResolutionUtils.java:103)
	at org.junit.jupiter.engine.execution.InterceptingExecutableInvoker.invoke(InterceptingExecutableInvoker.java:59)
	at org.junit.jupiter.engine.descriptor.ClassBasedTestDescriptor.invokeTestClassConstructor(ClassBasedTestDescriptor.java:363)
	at org.junit.jupiter.engine.descriptor.ClassBasedTestDescriptor.instantiateTestClass(ClassBasedTestDescriptor.java:310)
	at org.junit.jupiter.engine.descriptor.ClassTestDescriptor.instantiateTestClass(ClassTestDescriptor.java:79)
	at org.junit.jupiter.engine.descriptor.ClassBasedTestDescriptor.instantiateAndPostProcessTestInstance(ClassBasedTestDescriptor.java:286)
	at org.junit.jupiter.engine.descriptor.ClassBasedTestDescriptor.lambda$testInstancesProvider$4(ClassBasedTestDescriptor.java:278)
	at java.base/java.util.Optional.orElseGet(Optional.java:364)
	at org.junit.jupiter.engine.descriptor.ClassBasedTestDescriptor.lambda$testInstancesProvider$5(ClassBasedTestDescriptor.java:277)
	at org.junit.jupiter.engine.execution.TestInstancesProvider.getTestInstances(TestInstancesProvider.java:31)
	at org.junit.jupiter.engine.descriptor.ClassBasedTestDescriptor.lambda$before$2(ClassBasedTestDescriptor.java:203)
	at org.junit.platform.engine.support.hierarchical.ThrowableCollector.execute(ThrowableCollector.java:73)
	at org.junit.jupiter.engine.descriptor.ClassBasedTestDescriptor.before(ClassBasedTestDescriptor.java:202)
	at org.junit.jupiter.engine.descriptor.ClassBasedTestDescriptor.before(ClassBasedTestDescriptor.java:84)
	at org.junit.platform.engine.support.hierarchical.NodeTestTask.lambda$executeRecursively$6(NodeTestTask.java:148)
	at org.junit.platform.engine.support.hierarchical.ThrowableCollector.execute(ThrowableCollector.java:73)
	at org.junit.platform.engine.support.hierarchical.NodeTestTask.lambda$executeRecursively$8(NodeTestTask.java:141)
	at org.junit.platform.engine.support.hierarchical.Node.around(Node.java:137)
	at org.junit.platform.engine.support.hierarchical.NodeTestTask.lambda$executeRecursively$9(NodeTestTask.java:139)
	at org.junit.platform.engine.support.hierarchical.ThrowableCollector.execute(ThrowableCollector.java:73)
	at org.junit.platform.engine.support.hierarchical.NodeTestTask.executeRecursively(NodeTestTask.java:138)
	at org.junit.platform.engine.support.hierarchical.NodeTestTask.execute(NodeTestTask.java:95)
	at java.base/java.util.ArrayList.forEach(ArrayList.java:1511)
	at org.junit.platform.engine.support.hierarchical.SameThreadHierarchicalTestExecutorService.invokeAll(SameThreadHierarchicalTestExecutorService.java:41)
	at org.junit.platform.engine.support.hierarchical.NodeTestTask.lambda$executeRecursively$6(NodeTestTask.java:155)
	at org.junit.platform.engine.support.hierarchical.ThrowableCollector.execute(ThrowableCollector.java:73)
	at org.junit.platform.engine.support.hierarchical.NodeTestTask.lambda$executeRecursively$8(NodeTestTask.java:141)
	at org.junit.platform.engine.support.hierarchical.Node.around(Node.java:137)
	at org.junit.platform.engine.support.hierarchical.NodeTestTask.lambda$executeRecursively$9(NodeTestTask.java:139)
	at org.junit.platform.engine.support.hierarchical.ThrowableCollector.execute(ThrowableCollector.java:73)
	at org.junit.platform.engine.support.hierarchical.NodeTestTask.executeRecursively(NodeTestTask.java:138)
	at org.junit.platform.engine.support.hierarchical.NodeTestTask.execute(NodeTestTask.java:95)
	at org.junit.platform.engine.support.hierarchical.SameThreadHierarchicalTestExecutorService.submit(SameThreadHierarchicalTestExecutorService.java:35)
	at org.junit.platform.engine.support.hierarchical.HierarchicalTestExecutor.execute(HierarchicalTestExecutor.java:57)
	at org.junit.platform.engine.support.hierarchical.HierarchicalTestEngine.execute(HierarchicalTestEngine.java:54)
	at org.junit.platform.launcher.core.EngineExecutionOrchestrator.execute(EngineExecutionOrchestrator.java:147)
	at org.junit.platform.launcher.core.EngineExecutionOrchestrator.execute(EngineExecutionOrchestrator.java:127)
	at org.junit.platform.launcher.core.EngineExecutionOrchestrator.execute(EngineExecutionOrchestrator.java:90)
	at org.junit.platform.launcher.core.EngineExecutionOrchestrator.lambda$execute$0(EngineExecutionOrchestrator.java:55)
	at org.junit.platform.launcher.core.EngineExecutionOrchestrator.withInterceptedStreams(EngineExecutionOrchestrator.java:102)
	at org.junit.platform.launcher.core.EngineExecutionOrchestrator.execute(EngineExecutionOrchestrator.java:54)
	at org.junit.platform.launcher.core.DefaultLauncher.execute(DefaultLauncher.java:114)
	at org.junit.platform.launcher.core.DefaultLauncher.execute(DefaultLauncher.java:86)
	at org.junit.platform.launcher.core.DefaultLauncherSession$DelegatingLauncher.execute(DefaultLauncherSession.java:86)
	at org.apache.maven.surefire.junitplatform.LazyLauncher.execute(LazyLauncher.java:50)
	at org.apache.maven.surefire.junitplatform.JUnitPlatformProvider.execute(JUnitPlatformProvider.java:184)
	at org.apache.maven.surefire.junitplatform.JUnitPlatformProvider.invokeAllTests(JUnitPlatformProvider.java:148)
	at org.apache.maven.surefire.junitplatform.JUnitPlatformProvider.invoke(JUnitPlatformProvider.java:122)
	at org.apache.maven.surefire.booter.ForkedBooter.runSuitesInProcess(ForkedBooter.java:385)
	at org.apache.maven.surefire.booter.ForkedBooter.execute(ForkedBooter.java:162)
	at org.apache.maven.surefire.booter.ForkedBooter.run(ForkedBooter.java:507)
	at org.apache.maven.surefire.booter.ForkedBooter.main(ForkedBooter.java:495)
]]></error>
  </testcase>
</testsuite>